info it worked if it ends with ok
verbose cli [ 'node', '/usr/local/bin/npm', 'publish' ]
info using npm@1.1.0-2
info using node@v0.6.8
verbose config file /root/.npmrc
verbose config file /usr/local/etc/npmrc
verbose config file /usr/local/lib/node_modules/npm/npmrc
verbose publish [ '.' ]
verbose caching /root/node/SMTP/package.json
verbose loadDefaults simplesmtp@0.1.5
info prepublish simplesmtp@0.1.5
verbose cache add [ '.', null ]
silly cache add: name, spec, args [ undefined, '.', [ '.', null ] ]
verbose parsed url { pathname: '.', path: '.', href: '.' }
verbose caching package.json
verbose loadDefaults simplesmtp@0.1.5
verbose pack /root/node/SMTP
verbose pack /root/node/SMTP /tmp/npm-1328261308869/1328261308869-0.47731236671097577/tmp.tgz
silly makeList /root/node/SMTP
verbose caching /root/node/RAI/package.json
verbose loadDefaults rai@0.1.5
verbose caching /root/node/mailparser/package.json
verbose loadDefaults mailparser@0.2.21
silly dir, dirLen [ '/root/node/SMTP', 16 ]
verbose tarball /tmp/npm-1328261308869/1328261308869-0.47731236671097577/tmp.tgz
verbose parent /root/node/SMTP
verbose mkdir (expected) error ENOENT, no such file or directory '/tmp/npm-1328261308869/1328261308869-0.47731236671097577/___package.npm'
verbose mkdir done: /tmp/npm-1328261308869/1328261308869-0.47731236671097577/___package.npm 755
verbose unpack_ uid, gid [ 0, 0 ]
verbose unpackTarget /tmp/npm-1328261308869/1328261308869-0.47731236671097577/package
silly gunzTarPerm modes [ '755', '644' ]
silly afterUntar undefined
silly asyncMap in gTP /tmp/npm-1328261308869/1328261308869-0.47731236671097577/___package.npm/SMTP
silly asyncMap in gTP /tmp/npm-1328261308869/1328261308869-0.47731236671097577/___package.npm/SMTP/package.json
silly asyncMap in gTP /tmp/npm-1328261308869/1328261308869-0.47731236671097577/___package.npm/SMTP/.npmignore
silly asyncMap in gTP /tmp/npm-1328261308869/1328261308869-0.47731236671097577/___package.npm/SMTP/.travis.yml
silly asyncMap in gTP /tmp/npm-1328261308869/1328261308869-0.47731236671097577/___package.npm/SMTP/index.js
silly asyncMap in gTP /tmp/npm-1328261308869/1328261308869-0.47731236671097577/___package.npm/SMTP/LICENSE
silly asyncMap in gTP /tmp/npm-1328261308869/1328261308869-0.47731236671097577/___package.npm/SMTP/run_tests.js
silly asyncMap in gTP /tmp/npm-1328261308869/1328261308869-0.47731236671097577/___package.npm/SMTP/README.md
silly asyncMap in gTP /tmp/npm-1328261308869/1328261308869-0.47731236671097577/___package.npm/SMTP/test
silly asyncMap in gTP /tmp/npm-1328261308869/1328261308869-0.47731236671097577/___package.npm/SMTP/test/server.js
silly asyncMap in gTP /tmp/npm-1328261308869/1328261308869-0.47731236671097577/___package.npm/SMTP/test/client.js
silly asyncMap in gTP /tmp/npm-1328261308869/1328261308869-0.47731236671097577/___package.npm/SMTP/lib
silly asyncMap in gTP /tmp/npm-1328261308869/1328261308869-0.47731236671097577/___package.npm/SMTP/lib/server.js
silly asyncMap in gTP /tmp/npm-1328261308869/1328261308869-0.47731236671097577/___package.npm/SMTP/lib/starttls.js
silly asyncMap in gTP /tmp/npm-1328261308869/1328261308869-0.47731236671097577/___package.npm/SMTP/lib/client.js
silly asyncMap in gTP /tmp/npm-1328261308869/1328261308869-0.47731236671097577/___package.npm/SMTP/jsdoc
silly asyncMap in gTP /tmp/npm-1328261308869/1328261308869-0.47731236671097577/___package.npm/SMTP/jsdoc/index.html
silly asyncMap in gTP /tmp/npm-1328261308869/1328261308869-0.47731236671097577/___package.npm/SMTP/jsdoc/files.html
silly asyncMap in gTP /tmp/npm-1328261308869/1328261308869-0.47731236671097577/___package.npm/SMTP/jsdoc/javascript
silly asyncMap in gTP /tmp/npm-1328261308869/1328261308869-0.47731236671097577/___package.npm/SMTP/jsdoc/javascript/all.js
silly asyncMap in gTP /tmp/npm-1328261308869/1328261308869-0.47731236671097577/___package.npm/SMTP/jsdoc/javascript/html5.js
silly asyncMap in gTP /tmp/npm-1328261308869/1328261308869-0.47731236671097577/___package.npm/SMTP/jsdoc/css
silly asyncMap in gTP /tmp/npm-1328261308869/1328261308869-0.47731236671097577/___package.npm/SMTP/jsdoc/css/screen.css
silly asyncMap in gTP /tmp/npm-1328261308869/1328261308869-0.47731236671097577/___package.npm/SMTP/jsdoc/css/handheld.css
silly asyncMap in gTP /tmp/npm-1328261308869/1328261308869-0.47731236671097577/___package.npm/SMTP/jsdoc/css/all.css
silly asyncMap in gTP /tmp/npm-1328261308869/1328261308869-0.47731236671097577/___package.npm/SMTP/jsdoc/css/fonts
silly asyncMap in gTP /tmp/npm-1328261308869/1328261308869-0.47731236671097577/___package.npm/SMTP/jsdoc/css/fonts/mplus-1m-regular-webfont.svg
silly asyncMap in gTP /tmp/npm-1328261308869/1328261308869-0.47731236671097577/___package.npm/SMTP/jsdoc/css/fonts/mplus-1m-regular-webfont.woff
silly asyncMap in gTP /tmp/npm-1328261308869/1328261308869-0.47731236671097577/___package.npm/SMTP/jsdoc/css/fonts/mplus-1m-bold-webfont.woff
silly asyncMap in gTP /tmp/npm-1328261308869/1328261308869-0.47731236671097577/___package.npm/SMTP/jsdoc/css/fonts/mplus-1m-bold-webfont.eot
silly asyncMap in gTP /tmp/npm-1328261308869/1328261308869-0.47731236671097577/___package.npm/SMTP/jsdoc/css/fonts/mplus-1m-regular-webfont.eot
silly asyncMap in gTP /tmp/npm-1328261308869/1328261308869-0.47731236671097577/___package.npm/SMTP/jsdoc/css/fonts/mplus-1m-bold-webfont.svg
silly asyncMap in gTP /tmp/npm-1328261308869/1328261308869-0.47731236671097577/___package.npm/SMTP/jsdoc/css/fonts/mplus-1m-bold-webfont.ttf
silly asyncMap in gTP /tmp/npm-1328261308869/1328261308869-0.47731236671097577/___package.npm/SMTP/jsdoc/css/fonts/mplus-1m-regular-webfont.ttf
silly asyncMap in gTP /tmp/npm-1328261308869/1328261308869-0.47731236671097577/___package.npm/SMTP/jsdoc/symbols
silly asyncMap in gTP /tmp/npm-1328261308869/1328261308869-0.47731236671097577/___package.npm/SMTP/jsdoc/symbols/SMTPServerConnection.html
silly asyncMap in gTP /tmp/npm-1328261308869/1328261308869-0.47731236671097577/___package.npm/SMTP/jsdoc/symbols/SMTPClientConnection.html
silly asyncMap in gTP /tmp/npm-1328261308869/1328261308869-0.47731236671097577/___package.npm/SMTP/jsdoc/symbols/SMTPServer.html
silly asyncMap in gTP /tmp/npm-1328261308869/1328261308869-0.47731236671097577/___package.npm/SMTP/jsdoc/symbols/starttls.html
silly asyncMap in gTP /tmp/npm-1328261308869/1328261308869-0.47731236671097577/___package.npm/SMTP/jsdoc/symbols/_global_.html
silly asyncMap in gTP /tmp/npm-1328261308869/1328261308869-0.47731236671097577/___package.npm/SMTP/jsdoc/symbols/SMTPConnection.html
silly asyncMap in gTP /tmp/npm-1328261308869/1328261308869-0.47731236671097577/___package.npm/SMTP/jsdoc/symbols/SMTPClient.html
silly asyncMap in gTP /tmp/npm-1328261308869/1328261308869-0.47731236671097577/___package.npm/SMTP/jsdoc/symbols/src
silly asyncMap in gTP /tmp/npm-1328261308869/1328261308869-0.47731236671097577/___package.npm/SMTP/jsdoc/symbols/src/SMTP_lib_server.js.html
silly asyncMap in gTP /tmp/npm-1328261308869/1328261308869-0.47731236671097577/___package.npm/SMTP/jsdoc/symbols/src/SMTP_lib_client.js.html
silly asyncMap in gTP /tmp/npm-1328261308869/1328261308869-0.47731236671097577/___package.npm/SMTP/jsdoc/symbols/src/SMTP_lib_smtp.js.html
silly asyncMap in gTP /tmp/npm-1328261308869/1328261308869-0.47731236671097577/___package.npm/SMTP/jsdoc/symbols/src/SMTP_lib_starttls.js.html
verbose gunzed /tmp/npm-1328261308869/1328261308869-0.47731236671097577/___package.npm/SMTP
verbose rm'ed /tmp/npm-1328261308869/1328261308869-0.47731236671097577/package
verbose renamed [ '/tmp/npm-1328261308869/1328261308869-0.47731236671097577/___package.npm/SMTP',
verbose renamed   '/tmp/npm-1328261308869/1328261308869-0.47731236671097577/package' ]
verbose caching /tmp/npm-1328261308869/1328261308869-0.47731236671097577/package/package.json
verbose loadDefaults simplesmtp@0.1.5
verbose tarball contents [ 'package', 'tmp.tgz' ]
verbose from cache /tmp/npm-1328261308869/1328261308869-0.47731236671097577/package/package.json
verbose pack /tmp/npm-1328261308869/1328261308869-0.47731236671097577/package
verbose pack /tmp/npm-1328261308869/1328261308869-0.47731236671097577/package /root/.npm/simplesmtp/0.1.5/package.tgz
silly makeList /tmp/npm-1328261308869/1328261308869-0.47731236671097577/package
silly dir, dirLen [ '/tmp/npm-1328261308869/1328261308869-0.47731236671097577/package',
silly dir, dirLen   65 ]
verbose tarball /root/.npm/simplesmtp/0.1.5/package.tgz
verbose parent /tmp/npm-1328261308869/1328261308869-0.47731236671097577/package
verbose mkdir (expected) error ENOENT, no such file or directory '/root/.npm/simplesmtp/0.1.5/___package.npm'
verbose mkdir done: /root/.npm/simplesmtp/0.1.5/___package.npm 755
verbose unpack_ uid, gid [ 0, 0 ]
verbose unpackTarget /root/.npm/simplesmtp/0.1.5/package
silly gunzTarPerm modes [ '755', '644' ]
silly afterUntar undefined
silly asyncMap in gTP /root/.npm/simplesmtp/0.1.5/___package.npm/package
silly asyncMap in gTP /root/.npm/simplesmtp/0.1.5/___package.npm/package/package.json
silly asyncMap in gTP /root/.npm/simplesmtp/0.1.5/___package.npm/package/.npmignore
silly asyncMap in gTP /root/.npm/simplesmtp/0.1.5/___package.npm/package/.travis.yml
silly asyncMap in gTP /root/.npm/simplesmtp/0.1.5/___package.npm/package/index.js
silly asyncMap in gTP /root/.npm/simplesmtp/0.1.5/___package.npm/package/LICENSE
silly asyncMap in gTP /root/.npm/simplesmtp/0.1.5/___package.npm/package/run_tests.js
silly asyncMap in gTP /root/.npm/simplesmtp/0.1.5/___package.npm/package/README.md
silly asyncMap in gTP /root/.npm/simplesmtp/0.1.5/___package.npm/package/test
silly asyncMap in gTP /root/.npm/simplesmtp/0.1.5/___package.npm/package/test/server.js
silly asyncMap in gTP /root/.npm/simplesmtp/0.1.5/___package.npm/package/test/client.js
silly asyncMap in gTP /root/.npm/simplesmtp/0.1.5/___package.npm/package/lib
silly asyncMap in gTP /root/.npm/simplesmtp/0.1.5/___package.npm/package/lib/server.js
silly asyncMap in gTP /root/.npm/simplesmtp/0.1.5/___package.npm/package/lib/starttls.js
silly asyncMap in gTP /root/.npm/simplesmtp/0.1.5/___package.npm/package/lib/client.js
silly asyncMap in gTP /root/.npm/simplesmtp/0.1.5/___package.npm/package/jsdoc
silly asyncMap in gTP /root/.npm/simplesmtp/0.1.5/___package.npm/package/jsdoc/index.html
silly asyncMap in gTP /root/.npm/simplesmtp/0.1.5/___package.npm/package/jsdoc/files.html
silly asyncMap in gTP /root/.npm/simplesmtp/0.1.5/___package.npm/package/jsdoc/javascript
silly asyncMap in gTP /root/.npm/simplesmtp/0.1.5/___package.npm/package/jsdoc/javascript/all.js
silly asyncMap in gTP /root/.npm/simplesmtp/0.1.5/___package.npm/package/jsdoc/javascript/html5.js
silly asyncMap in gTP /root/.npm/simplesmtp/0.1.5/___package.npm/package/jsdoc/css
silly asyncMap in gTP /root/.npm/simplesmtp/0.1.5/___package.npm/package/jsdoc/css/screen.css
silly asyncMap in gTP /root/.npm/simplesmtp/0.1.5/___package.npm/package/jsdoc/css/handheld.css
silly asyncMap in gTP /root/.npm/simplesmtp/0.1.5/___package.npm/package/jsdoc/css/all.css
silly asyncMap in gTP /root/.npm/simplesmtp/0.1.5/___package.npm/package/jsdoc/css/fonts
silly asyncMap in gTP /root/.npm/simplesmtp/0.1.5/___package.npm/package/jsdoc/css/fonts/mplus-1m-regular-webfont.svg
silly asyncMap in gTP /root/.npm/simplesmtp/0.1.5/___package.npm/package/jsdoc/css/fonts/mplus-1m-regular-webfont.woff
silly asyncMap in gTP /root/.npm/simplesmtp/0.1.5/___package.npm/package/jsdoc/css/fonts/mplus-1m-bold-webfont.woff
silly asyncMap in gTP /root/.npm/simplesmtp/0.1.5/___package.npm/package/jsdoc/css/fonts/mplus-1m-bold-webfont.eot
silly asyncMap in gTP /root/.npm/simplesmtp/0.1.5/___package.npm/package/jsdoc/css/fonts/mplus-1m-regular-webfont.eot
silly asyncMap in gTP /root/.npm/simplesmtp/0.1.5/___package.npm/package/jsdoc/css/fonts/mplus-1m-bold-webfont.svg
silly asyncMap in gTP /root/.npm/simplesmtp/0.1.5/___package.npm/package/jsdoc/css/fonts/mplus-1m-bold-webfont.ttf
silly asyncMap in gTP /root/.npm/simplesmtp/0.1.5/___package.npm/package/jsdoc/css/fonts/mplus-1m-regular-webfont.ttf
silly asyncMap in gTP /root/.npm/simplesmtp/0.1.5/___package.npm/package/jsdoc/symbols
silly asyncMap in gTP /root/.npm/simplesmtp/0.1.5/___package.npm/package/jsdoc/symbols/SMTPServerConnection.html
silly asyncMap in gTP /root/.npm/simplesmtp/0.1.5/___package.npm/package/jsdoc/symbols/SMTPClientConnection.html
silly asyncMap in gTP /root/.npm/simplesmtp/0.1.5/___package.npm/package/jsdoc/symbols/SMTPServer.html
silly asyncMap in gTP /root/.npm/simplesmtp/0.1.5/___package.npm/package/jsdoc/symbols/starttls.html
silly asyncMap in gTP /root/.npm/simplesmtp/0.1.5/___package.npm/package/jsdoc/symbols/_global_.html
silly asyncMap in gTP /root/.npm/simplesmtp/0.1.5/___package.npm/package/jsdoc/symbols/SMTPConnection.html
silly asyncMap in gTP /root/.npm/simplesmtp/0.1.5/___package.npm/package/jsdoc/symbols/SMTPClient.html
silly asyncMap in gTP /root/.npm/simplesmtp/0.1.5/___package.npm/package/jsdoc/symbols/src
silly asyncMap in gTP /root/.npm/simplesmtp/0.1.5/___package.npm/package/jsdoc/symbols/src/SMTP_lib_server.js.html
silly asyncMap in gTP /root/.npm/simplesmtp/0.1.5/___package.npm/package/jsdoc/symbols/src/SMTP_lib_client.js.html
silly asyncMap in gTP /root/.npm/simplesmtp/0.1.5/___package.npm/package/jsdoc/symbols/src/SMTP_lib_smtp.js.html
silly asyncMap in gTP /root/.npm/simplesmtp/0.1.5/___package.npm/package/jsdoc/symbols/src/SMTP_lib_starttls.js.html
verbose gunzed /root/.npm/simplesmtp/0.1.5/___package.npm/package
verbose rm'ed /root/.npm/simplesmtp/0.1.5/package
verbose renamed [ '/root/.npm/simplesmtp/0.1.5/___package.npm/package',
verbose renamed   '/root/.npm/simplesmtp/0.1.5/package' ]
verbose caching /root/.npm/simplesmtp/0.1.5/package/package.json
verbose loadDefaults simplesmtp@0.1.5
silly updated sha bytes 40960
silly updated sha bytes 40960
silly updated sha bytes 40960
silly updated sha bytes 31419
info shasum fe3b19097d51c57b03bb3830eaa714928c1142b1
info shasum /root/.npm/simplesmtp/0.1.5/package.tgz
verbose from cache /root/.npm/simplesmtp/0.1.5/package/package.json
verbose chmod /root/.npm/simplesmtp/0.1.5/package.tgz 644
verbose chown [ '/root/.npm/simplesmtp/0.1.5/package.tgz', 0, 0 ]
silly publish { name: 'simplesmtp',
silly publish   description: 'Simple SMTP server module to create custom SMTP servers',
silly publish   version: '0.1.5',
silly publish   author: { name: 'Andris Reinman' },
silly publish   maintainers: [ { name: 'andris', email: 'andris@node.ee' } ],
silly publish   repository: { type: 'git', url: 'git://github.com/andris9/simplesmtp.git' },
silly publish   scripts: { test: 'node ./run_tests.js' },
silly publish   main: './lib/smtp',
silly publish   licenses: 
silly publish    [ { type: 'MIT',
silly publish        url: 'http://github.com/andris9/simplesmtp/blob/master/LICENSE' } ],
silly publish   dependencies: { rai: '*' },
silly publish   devDependencies: { nodeunit: '*' },
silly publish   engines: [ 'node >=0.4.0', node: ' >=0.4.0' ],
silly publish   keywords: [ 'servers', 'text-based', 'smtp', 'email', 'mail', 'e-mail' ],
silly publish   _npmUser: { name: 'andris', email: 'andris@node.ee' },
silly publish   _id: 'simplesmtp@0.1.5',
silly publish   optionalDependencies: {},
silly publish   _engineSupported: true,
silly publish   _npmVersion: '1.1.0-2',
silly publish   _nodeVersion: 'v0.6.8',
silly publish   _defaultsLoaded: true,
silly publish   dist: 
silly publish    { shasum: 'fe3b19097d51c57b03bb3830eaa714928c1142b1',
silly publish      tarball: 'http://registry.npmjs.org/simplesmtp/-/simplesmtp-0.1.5.tgz' } }
verbose raw, before any munging simplesmtp
verbose url resolving [ 'https://registry.npmjs.org/', './simplesmtp' ]
verbose url resolved https://registry.npmjs.org/simplesmtp
http PUT https://registry.npmjs.org/simplesmtp
http 409 https://registry.npmjs.org/simplesmtp
verbose raw, before any munging simplesmtp
verbose url resolving [ 'https://registry.npmjs.org/', './simplesmtp' ]
verbose url resolved https://registry.npmjs.org/simplesmtp
http GET https://registry.npmjs.org/simplesmtp
http 200 https://registry.npmjs.org/simplesmtp
info Already published simplesmtp@0.1.5
verbose uploading bin dists []
ERR! publish fail Cannot publish over existing version.
ERR! publish fail Bump the 'version' field, set the --force flag, or
ERR! publish fail     npm unpublish 'simplesmtp@0.1.5'
ERR! publish fail and try again
ERR! 
ERR! System Linux 2.6.18-028stab093.2
ERR! command "node" "/usr/local/bin/npm" "publish"
ERR! cwd /root/node/SMTP
ERR! node -v v0.6.8
ERR! npm -v 1.1.0-2
ERR! code EPUBLISHCONFLICT
ERR! message publish fail
ERR! errno {}
verbose exit [ 1, true ]
